<?xml version="1.0" encoding="UTF-8"?>
<robot generator="Robot 5.0.1 (Python 3.10.8 on win32)" generated="20221028 10:06:06.039" rpa="true" schemaversion="3">
<suite id="s1" name="Ohjelmistotestaus Lp" source="C:\Users\jompp\Desktop\ohjelmistotestaus\ohjelmistotestaus_lp">
<suite id="s1-s1" name="Robot Tests" source="C:\Users\jompp\Desktop\ohjelmistotestaus\ohjelmistotestaus_lp\robot_tests">
<suite id="s1-s1-s1" name="Jarjestelmatestaus" source="C:\Users\jompp\Desktop\ohjelmistotestaus\ohjelmistotestaus_lp\robot_tests\jarjestelmatestaus.robot">
<kw name="Start Process" library="Process" type="SETUP">
<arg>python</arg>
<arg>C:/Users/jompp/Desktop/ohjelmistotestaus/ohjelmistotestaus_lp/robot_tests/runApi.py</arg>
<doc>Starts a new process on background.</doc>
<msg timestamp="20221028 10:06:06.593" level="INFO">Starting process:
python C:/Users/jompp/Desktop/ohjelmistotestaus/ohjelmistotestaus_lp/robot_tests/runApi.py</msg>
<status status="PASS" starttime="20221028 10:06:06.592" endtime="20221028 10:06:06.608"/>
</kw>
<test id="s1-s1-s1-t1" name="Budjetin virhesyöte" line="12">
<kw name="Open Browser" library="SeleniumLibrary" type="SETUP">
<arg>${url_projektit}</arg>
<arg>Chrome</arg>
<arg>executable_path=C:/Users/jompp/Desktop/ohjelmistotestaus/ohjelmistotestaus_lp/robot_tests/chromedriver.exe</arg>
<doc>Opens a new browser instance to the optional ``url``.</doc>
<msg timestamp="20221028 10:06:06.614" level="INFO">Opening browser 'Chrome' to base url 'http://localhost:3000/projects/'.</msg>
<status status="PASS" starttime="20221028 10:06:06.611" endtime="20221028 10:06:08.490"/>
</kw>
<kw name="Wait Until Element Is Visible" library="SeleniumLibrary">
<arg>xpath:/html/body/div/div/div[1]/div[1]/div/section/button</arg>
<doc>Waits until the element ``locator`` is visible.</doc>
<status status="PASS" starttime="20221028 10:06:08.491" endtime="20221028 10:06:11.654"/>
</kw>
<kw name="Click Element" library="SeleniumLibrary">
<arg>xpath:/html/body/div/div/div[1]/div[1]/div/section/button</arg>
<doc>Click the element identified by ``locator``.</doc>
<msg timestamp="20221028 10:06:11.656" level="INFO">Clicking element 'xpath:/html/body/div/div/div[1]/div[1]/div/section/button'.</msg>
<status status="PASS" starttime="20221028 10:06:11.655" endtime="20221028 10:06:11.764"/>
</kw>
<kw name="Press Keys" library="SeleniumLibrary">
<arg>xpath:/html/body/div/div/div[1]/div[1]/form/input[2]</arg>
<arg>E+Q+R+T+Å+ä+ö</arg>
<doc>Simulates the user pressing key(s) to an element or on the active browser.</doc>
<msg timestamp="20221028 10:06:11.766" level="INFO">Sending key(s) ('E+Q+R+T+Å+ä+ö',) to xpath:/html/body/div/div/div[1]/div[1]/form/input[2] element.</msg>
<msg timestamp="20221028 10:06:12.172" level="INFO">Sending key E</msg>
<msg timestamp="20221028 10:06:12.174" level="INFO">Sending key Q</msg>
<msg timestamp="20221028 10:06:12.175" level="INFO">Sending key R</msg>
<msg timestamp="20221028 10:06:12.177" level="INFO">Sending key T</msg>
<msg timestamp="20221028 10:06:12.178" level="INFO">Sending key Å</msg>
<msg timestamp="20221028 10:06:12.180" level="INFO">Sending key ä</msg>
<msg timestamp="20221028 10:06:12.182" level="INFO">Sending key ö</msg>
<status status="PASS" starttime="20221028 10:06:11.765" endtime="20221028 10:06:12.210"/>
</kw>
<kw name="Sleep" library="BuiltIn">
<arg>1s</arg>
<doc>Pauses the test executed for the given time.</doc>
<msg timestamp="20221028 10:06:13.226" level="INFO">Slept 1 second</msg>
<status status="PASS" starttime="20221028 10:06:12.211" endtime="20221028 10:06:13.227"/>
</kw>
<kw name="Element Should Contain" library="SeleniumLibrary">
<arg>xpath:/html/body/div/div/div[1]/div[1]/form/div[1]/p</arg>
<arg>Budget must be more than $0.</arg>
<doc>Verifies that element ``locator`` contains text ``expected``.</doc>
<msg timestamp="20221028 10:06:13.256" level="INFO">Element 'xpath:/html/body/div/div/div[1]/div[1]/form/div[1]/p' contains text 'Budget must be more than $0.'.</msg>
<status status="PASS" starttime="20221028 10:06:13.228" endtime="20221028 10:06:13.258"/>
</kw>
<kw name="Click Button" library="SeleniumLibrary">
<arg>xpath:/html/body/div/div/div[1]/div[1]/form/div/button[1]</arg>
<doc>Clicks the button identified by ``locator``.</doc>
<msg timestamp="20221028 10:06:13.260" level="INFO">Clicking button 'xpath:/html/body/div/div/div[1]/div[1]/form/div/button[1]'.</msg>
<status status="PASS" starttime="20221028 10:06:13.259" endtime="20221028 10:06:13.325"/>
</kw>
<kw name="Element Should Be Visible" library="SeleniumLibrary">
<arg>xpath:/html/body/div/div/div[1]/div[1]/form</arg>
<doc>Verifies that the element identified by ``locator`` is visible.</doc>
<msg timestamp="20221028 10:06:13.352" level="INFO">Element 'xpath:/html/body/div/div/div[1]/div[1]/form' is displayed.</msg>
<status status="PASS" starttime="20221028 10:06:13.325" endtime="20221028 10:06:13.355"/>
</kw>
<kw name="Close Browser" library="SeleniumLibrary" type="TEARDOWN">
<doc>Closes the current browser.</doc>
<status status="PASS" starttime="20221028 10:06:13.356" endtime="20221028 10:06:15.495"/>
</kw>
<doc>Annetaan edit-valikossa budjetti kohdalle "väärä" syöte ja odotetaan vastaukseksi oikeanlaista virheilmoitusta, jossa kerrotaan että budjetin oltava yli 0$</doc>
<status status="PASS" starttime="20221028 10:06:06.609" endtime="20221028 10:06:15.496"/>
</test>
<test id="s1-s1-s1-t2" name="Projektin nimen puuttuminen" line="30">
<kw name="Open Browser" library="SeleniumLibrary" type="SETUP">
<arg>${url_projektit}</arg>
<arg>Chrome</arg>
<arg>executable_path=C:/Users/jompp/Desktop/ohjelmistotestaus/ohjelmistotestaus_lp/robot_tests/chromedriver.exe</arg>
<doc>Opens a new browser instance to the optional ``url``.</doc>
<msg timestamp="20221028 10:06:15.502" level="INFO">Opening browser 'Chrome' to base url 'http://localhost:3000/projects/'.</msg>
<status status="PASS" starttime="20221028 10:06:15.501" endtime="20221028 10:06:17.342"/>
</kw>
<kw name="Wait Until Element Is Visible" library="SeleniumLibrary">
<arg>xpath:/html/body/div/div/div[1]/div[1]/div/section/button</arg>
<doc>Waits until the element ``locator`` is visible.</doc>
<status status="PASS" starttime="20221028 10:06:17.343" endtime="20221028 10:06:19.797"/>
</kw>
<kw name="Click Element" library="SeleniumLibrary">
<arg>xpath:/html/body/div/div/div[1]/div[1]/div/section/button</arg>
<doc>Click the element identified by ``locator``.</doc>
<msg timestamp="20221028 10:06:19.799" level="INFO">Clicking element 'xpath:/html/body/div/div/div[1]/div[1]/div/section/button'.</msg>
<status status="PASS" starttime="20221028 10:06:19.798" endtime="20221028 10:06:19.891"/>
</kw>
<kw name="Press Keys" library="SeleniumLibrary">
<arg>name=name</arg>
<arg>CTRL+a</arg>
<arg>BACKSPACE</arg>
<doc>Simulates the user pressing key(s) to an element or on the active browser.</doc>
<msg timestamp="20221028 10:06:19.896" level="INFO">Sending key(s) ('CTRL+a', 'BACKSPACE') to name=name element.</msg>
<msg timestamp="20221028 10:06:20.316" level="INFO">Pressing special key CONTROL down.</msg>
<msg timestamp="20221028 10:06:20.318" level="INFO">Sending key a</msg>
<msg timestamp="20221028 10:06:20.322" level="INFO">Releasing special key CONTROL.</msg>
<msg timestamp="20221028 10:06:20.333" level="INFO">Pressing special key BACKSPACE to element.</msg>
<msg timestamp="20221028 10:06:20.335" level="INFO">Releasing special key BACKSPACE.</msg>
<status status="PASS" starttime="20221028 10:06:19.892" endtime="20221028 10:06:20.351"/>
</kw>
<kw name="Sleep" library="BuiltIn">
<arg>1s</arg>
<doc>Pauses the test executed for the given time.</doc>
<msg timestamp="20221028 10:06:21.366" level="INFO">Slept 1 second</msg>
<status status="PASS" starttime="20221028 10:06:20.353" endtime="20221028 10:06:21.367"/>
</kw>
<kw name="Element Should Contain" library="SeleniumLibrary">
<arg>xpath:/html/body/div/div/div[1]/div[1]/form/div[1]/p</arg>
<arg>${nimenpuuttuminen_virhe}</arg>
<doc>Verifies that element ``locator`` contains text ``expected``.</doc>
<msg timestamp="20221028 10:06:21.397" level="INFO">Element 'xpath:/html/body/div/div/div[1]/div[1]/form/div[1]/p' contains text 'Name is required'.</msg>
<status status="PASS" starttime="20221028 10:06:21.369" endtime="20221028 10:06:21.398"/>
</kw>
<kw name="Click Button" library="SeleniumLibrary">
<arg>xpath:/html/body/div/div/div[1]/div[1]/form/div/button[1]</arg>
<doc>Clicks the button identified by ``locator``.</doc>
<msg timestamp="20221028 10:06:21.400" level="INFO">Clicking button 'xpath:/html/body/div/div/div[1]/div[1]/form/div/button[1]'.</msg>
<status status="PASS" starttime="20221028 10:06:21.399" endtime="20221028 10:06:21.467"/>
</kw>
<kw name="Element Should Be Visible" library="SeleniumLibrary">
<arg>xpath:/html/body/div/div/div[1]/div[1]/form</arg>
<doc>Verifies that the element identified by ``locator`` is visible.</doc>
<msg timestamp="20221028 10:06:21.495" level="INFO">Element 'xpath:/html/body/div/div/div[1]/div[1]/form' is displayed.</msg>
<status status="PASS" starttime="20221028 10:06:21.468" endtime="20221028 10:06:21.496"/>
</kw>
<kw name="Close Browser" library="SeleniumLibrary" type="TEARDOWN">
<doc>Closes the current browser.</doc>
<status status="PASS" starttime="20221028 10:06:21.497" endtime="20221028 10:06:23.636"/>
</kw>
<doc>Tyhjennetään projektin nimi ja tarkistetaan annetaanko oikea virheilmoitus nimen puuttumisesta</doc>
<status status="PASS" starttime="20221028 10:06:15.498" endtime="20221028 10:06:23.637"/>
</test>
<test id="s1-s1-s1-t3" name="Projektin nimi liian lyhyt" line="48">
<kw name="Open Browser" library="SeleniumLibrary" type="SETUP">
<arg>${url_projektit}</arg>
<arg>Chrome</arg>
<arg>executable_path=C:/Users/jompp/Desktop/ohjelmistotestaus/ohjelmistotestaus_lp/robot_tests/chromedriver.exe</arg>
<doc>Opens a new browser instance to the optional ``url``.</doc>
<msg timestamp="20221028 10:06:23.643" level="INFO">Opening browser 'Chrome' to base url 'http://localhost:3000/projects/'.</msg>
<status status="PASS" starttime="20221028 10:06:23.641" endtime="20221028 10:06:25.455"/>
</kw>
<kw name="Wait Until Element Is Visible" library="SeleniumLibrary">
<arg>xpath:/html/body/div/div/div[1]/div[1]/div/section/button</arg>
<doc>Waits until the element ``locator`` is visible.</doc>
<status status="PASS" starttime="20221028 10:06:25.456" endtime="20221028 10:06:27.920"/>
</kw>
<kw name="Click Element" library="SeleniumLibrary">
<arg>xpath:/html/body/div/div/div[1]/div[1]/div/section/button</arg>
<doc>Click the element identified by ``locator``.</doc>
<msg timestamp="20221028 10:06:27.922" level="INFO">Clicking element 'xpath:/html/body/div/div/div[1]/div[1]/div/section/button'.</msg>
<status status="PASS" starttime="20221028 10:06:27.920" endtime="20221028 10:06:28.026"/>
</kw>
<kw name="Press Keys" library="SeleniumLibrary">
<arg>name=name</arg>
<arg>CTRL+a</arg>
<arg>BACKSPACE</arg>
<doc>Simulates the user pressing key(s) to an element or on the active browser.</doc>
<msg timestamp="20221028 10:06:28.029" level="INFO">Sending key(s) ('CTRL+a', 'BACKSPACE') to name=name element.</msg>
<msg timestamp="20221028 10:06:28.446" level="INFO">Pressing special key CONTROL down.</msg>
<msg timestamp="20221028 10:06:28.447" level="INFO">Sending key a</msg>
<msg timestamp="20221028 10:06:28.451" level="INFO">Releasing special key CONTROL.</msg>
<msg timestamp="20221028 10:06:28.466" level="INFO">Pressing special key BACKSPACE to element.</msg>
<msg timestamp="20221028 10:06:28.469" level="INFO">Releasing special key BACKSPACE.</msg>
<status status="PASS" starttime="20221028 10:06:28.027" endtime="20221028 10:06:28.481"/>
</kw>
<kw name="Sleep" library="BuiltIn">
<arg>1s</arg>
<doc>Pauses the test executed for the given time.</doc>
<msg timestamp="20221028 10:06:29.488" level="INFO">Slept 1 second</msg>
<status status="PASS" starttime="20221028 10:06:28.483" endtime="20221028 10:06:29.489"/>
</kw>
<kw name="Press Keys" library="SeleniumLibrary">
<arg>name=name</arg>
<arg>Ä</arg>
<doc>Simulates the user pressing key(s) to an element or on the active browser.</doc>
<msg timestamp="20221028 10:06:29.492" level="INFO">Sending key(s) ('Ä',) to name=name element.</msg>
<msg timestamp="20221028 10:06:29.772" level="INFO">Sending key Ä</msg>
<status status="PASS" starttime="20221028 10:06:29.490" endtime="20221028 10:06:29.786"/>
</kw>
<kw name="Element Should Contain" library="SeleniumLibrary">
<arg>xpath:/html/body/div/div/div[1]/div[1]/form/div[1]/p</arg>
<arg>${nimilyhyt_virhe}</arg>
<doc>Verifies that element ``locator`` contains text ``expected``.</doc>
<msg timestamp="20221028 10:06:29.811" level="INFO">Element 'xpath:/html/body/div/div/div[1]/div[1]/form/div[1]/p' contains text 'Name needs to be at least 3 characters.'.</msg>
<status status="PASS" starttime="20221028 10:06:29.786" endtime="20221028 10:06:29.812"/>
</kw>
<kw name="Press Keys" library="SeleniumLibrary">
<arg>name=name</arg>
<arg>Ö</arg>
<doc>Simulates the user pressing key(s) to an element or on the active browser.</doc>
<msg timestamp="20221028 10:06:29.815" level="INFO">Sending key(s) ('Ö',) to name=name element.</msg>
<msg timestamp="20221028 10:06:30.088" level="INFO">Sending key Ö</msg>
<status status="PASS" starttime="20221028 10:06:29.813" endtime="20221028 10:06:30.101"/>
</kw>
<kw name="Element Should Contain" library="SeleniumLibrary">
<arg>xpath:/html/body/div/div/div[1]/div[1]/form/div[1]/p</arg>
<arg>${nimilyhyt_virhe}</arg>
<doc>Verifies that element ``locator`` contains text ``expected``.</doc>
<msg timestamp="20221028 10:06:30.119" level="INFO">Element 'xpath:/html/body/div/div/div[1]/div[1]/form/div[1]/p' contains text 'Name needs to be at least 3 characters.'.</msg>
<status status="PASS" starttime="20221028 10:06:30.102" endtime="20221028 10:06:30.121"/>
</kw>
<kw name="Click Button" library="SeleniumLibrary">
<arg>xpath:/html/body/div/div/div[1]/div[1]/form/div/button[1]</arg>
<doc>Clicks the button identified by ``locator``.</doc>
<msg timestamp="20221028 10:06:30.123" level="INFO">Clicking button 'xpath:/html/body/div/div/div[1]/div[1]/form/div/button[1]'.</msg>
<status status="PASS" starttime="20221028 10:06:30.122" endtime="20221028 10:06:30.193"/>
</kw>
<kw name="Element Should Be Visible" library="SeleniumLibrary">
<arg>xpath:/html/body/div/div/div[1]/div[1]/form</arg>
<doc>Verifies that the element identified by ``locator`` is visible.</doc>
<msg timestamp="20221028 10:06:30.222" level="INFO">Element 'xpath:/html/body/div/div/div[1]/div[1]/form' is displayed.</msg>
<status status="PASS" starttime="20221028 10:06:30.194" endtime="20221028 10:06:30.224"/>
</kw>
<kw name="Close Browser" library="SeleniumLibrary" type="TEARDOWN">
<doc>Closes the current browser.</doc>
<status status="PASS" starttime="20221028 10:06:30.225" endtime="20221028 10:06:32.374"/>
</kw>
<doc>Tyhjennetään projektin nimi ja tarkistetaan että kahden ensimmäisen syötetyn merkin jälkeen saadaan virheilmoitus siitä että projektin nimi on liian lyhyt</doc>
<status status="PASS" starttime="20221028 10:06:23.639" endtime="20221028 10:06:32.375"/>
</test>
<test id="s1-s1-s1-t4" name="Projektin kuvauksen puuttuminen" line="72">
<kw name="Open Browser" library="SeleniumLibrary" type="SETUP">
<arg>${url_projektit}</arg>
<arg>Chrome</arg>
<arg>executable_path=C:/Users/jompp/Desktop/ohjelmistotestaus/ohjelmistotestaus_lp/robot_tests/chromedriver.exe</arg>
<doc>Opens a new browser instance to the optional ``url``.</doc>
<msg timestamp="20221028 10:06:32.380" level="INFO">Opening browser 'Chrome' to base url 'http://localhost:3000/projects/'.</msg>
<status status="PASS" starttime="20221028 10:06:32.379" endtime="20221028 10:06:34.198"/>
</kw>
<kw name="Wait Until Element Is Visible" library="SeleniumLibrary">
<arg>xpath:/html/body/div/div/div[1]/div[1]/div/section/button</arg>
<doc>Waits until the element ``locator`` is visible.</doc>
<status status="PASS" starttime="20221028 10:06:34.200" endtime="20221028 10:06:36.668"/>
</kw>
<kw name="Click Element" library="SeleniumLibrary">
<arg>xpath:/html/body/div/div/div[1]/div[1]/div/section/button</arg>
<doc>Click the element identified by ``locator``.</doc>
<msg timestamp="20221028 10:06:36.669" level="INFO">Clicking element 'xpath:/html/body/div/div/div[1]/div[1]/div/section/button'.</msg>
<status status="PASS" starttime="20221028 10:06:36.668" endtime="20221028 10:06:36.762"/>
</kw>
<kw name="Press Keys" library="SeleniumLibrary">
<arg>xpath:/html/body/div/div/div[1]/div[1]/form/textarea</arg>
<arg>CTRL+a</arg>
<arg>BACKSPACE</arg>
<doc>Simulates the user pressing key(s) to an element or on the active browser.</doc>
<msg timestamp="20221028 10:06:36.765" level="INFO">Sending key(s) ('CTRL+a', 'BACKSPACE') to xpath:/html/body/div/div/div[1]/div[1]/form/textarea element.</msg>
<msg timestamp="20221028 10:06:37.179" level="INFO">Pressing special key CONTROL down.</msg>
<msg timestamp="20221028 10:06:37.182" level="INFO">Sending key a</msg>
<msg timestamp="20221028 10:06:37.184" level="INFO">Releasing special key CONTROL.</msg>
<msg timestamp="20221028 10:06:37.198" level="INFO">Pressing special key BACKSPACE to element.</msg>
<msg timestamp="20221028 10:06:37.200" level="INFO">Releasing special key BACKSPACE.</msg>
<status status="PASS" starttime="20221028 10:06:36.763" endtime="20221028 10:06:37.218"/>
</kw>
<kw name="Element Should Contain" library="SeleniumLibrary">
<arg>xpath:/html/body/div/div/div[1]/div[1]/form/div[1]/p</arg>
<arg>${kuvauspuuttuminen_virhe}</arg>
<doc>Verifies that element ``locator`` contains text ``expected``.</doc>
<msg timestamp="20221028 10:06:37.247" level="INFO">Element 'xpath:/html/body/div/div/div[1]/div[1]/form/div[1]/p' contains text 'Description is required.'.</msg>
<status status="PASS" starttime="20221028 10:06:37.219" endtime="20221028 10:06:37.249"/>
</kw>
<kw name="Click Button" library="SeleniumLibrary">
<arg>xpath:/html/body/div/div/div[1]/div[1]/form/div/button[1]</arg>
<doc>Clicks the button identified by ``locator``.</doc>
<msg timestamp="20221028 10:06:37.250" level="INFO">Clicking button 'xpath:/html/body/div/div/div[1]/div[1]/form/div/button[1]'.</msg>
<status status="PASS" starttime="20221028 10:06:37.249" endtime="20221028 10:06:37.321"/>
</kw>
<kw name="Element Should Be Visible" library="SeleniumLibrary">
<arg>xpath:/html/body/div/div/div[1]/div[1]/form</arg>
<doc>Verifies that the element identified by ``locator`` is visible.</doc>
<msg timestamp="20221028 10:06:37.353" level="INFO">Element 'xpath:/html/body/div/div/div[1]/div[1]/form' is displayed.</msg>
<status status="PASS" starttime="20221028 10:06:37.322" endtime="20221028 10:06:37.357"/>
</kw>
<kw name="Close Browser" library="SeleniumLibrary" type="TEARDOWN">
<doc>Closes the current browser.</doc>
<status status="PASS" starttime="20221028 10:06:37.358" endtime="20221028 10:06:39.536"/>
</kw>
<doc>Tyhjennetään projektin kuvaus ja testataan saadaanko oikeanlainen virheilmoitus</doc>
<status status="PASS" starttime="20221028 10:06:32.377" endtime="20221028 10:06:39.537"/>
</test>
<test id="s1-s1-s1-t5" name="Projektien haun epäonnistuminen" line="88">
<kw name="Open Browser" library="SeleniumLibrary" type="SETUP">
<arg>${url_projektit}</arg>
<arg>Chrome</arg>
<arg>executable_path=C:/Users/jompp/Desktop/ohjelmistotestaus/ohjelmistotestaus_lp/robot_tests/chromedriver.exe</arg>
<doc>Opens a new browser instance to the optional ``url``.</doc>
<msg timestamp="20221028 10:06:39.543" level="INFO">Opening browser 'Chrome' to base url 'http://localhost:3000/projects/'.</msg>
<status status="PASS" starttime="20221028 10:06:39.542" endtime="20221028 10:06:41.351"/>
</kw>
<kw name="Terminate All Processes" library="Process">
<doc>Terminates all still running processes started by this library.</doc>
<status status="PASS" starttime="20221028 10:06:41.353" endtime="20221028 10:06:41.354"/>
</kw>
<kw name="Start Process" library="Process">
<arg>python</arg>
<arg>C:/Users/jompp/Desktop/ohjelmistotestaus/ohjelmistotestaus_lp/robot_tests/closeApi.py</arg>
<doc>Starts a new process on background.</doc>
<msg timestamp="20221028 10:06:41.356" level="INFO">Starting process:
python C:/Users/jompp/Desktop/ohjelmistotestaus/ohjelmistotestaus_lp/robot_tests/closeApi.py</msg>
<status status="PASS" starttime="20221028 10:06:41.355" endtime="20221028 10:06:41.371"/>
</kw>
<kw name="Sleep" library="BuiltIn">
<arg>5s</arg>
<doc>Pauses the test executed for the given time.</doc>
<msg timestamp="20221028 10:06:46.376" level="INFO">Slept 5 seconds</msg>
<status status="PASS" starttime="20221028 10:06:41.372" endtime="20221028 10:06:46.378"/>
</kw>
<kw name="Wait Until Element Is Visible" library="SeleniumLibrary">
<arg>xpath:/html/body/div/div/div/div</arg>
<arg>30s</arg>
<doc>Waits until the element ``locator`` is visible.</doc>
<status status="PASS" starttime="20221028 10:06:46.379" endtime="20221028 10:06:54.668"/>
</kw>
<kw name="Element Should Contain" library="SeleniumLibrary">
<arg>xpath:/html/body/div/div/div/div/section/p</arg>
<arg>${api_virhe}</arg>
<doc>Verifies that element ``locator`` contains text ``expected``.</doc>
<msg timestamp="20221028 10:06:54.691" level="INFO">Element 'xpath:/html/body/div/div/div/div/section/p' contains text 'There was an error retrieving the projects. Please try again.'.</msg>
<status status="PASS" starttime="20221028 10:06:54.668" endtime="20221028 10:06:54.694"/>
</kw>
<kw name="Close Browser" library="SeleniumLibrary" type="TEARDOWN">
<doc>Closes the current browser.</doc>
<status status="PASS" starttime="20221028 10:06:54.694" endtime="20221028 10:06:56.849"/>
</kw>
<doc>Testataan saadaanko oikeanlainen virheilmoitus kun apiin ei saada yhteyttä tai projekteja ei muutenvaan voida hakea</doc>
<status status="PASS" starttime="20221028 10:06:39.540" endtime="20221028 10:06:56.850"/>
</test>
<kw name="Terminate All Processes" library="Process" type="TEARDOWN">
<doc>Terminates all still running processes started by this library.</doc>
<status status="PASS" starttime="20221028 10:06:56.853" endtime="20221028 10:06:56.854"/>
</kw>
<doc>Järjestelmätestaus jossa pyrittään löytämään mahdollisia virhetilanteita.</doc>
<status status="PASS" starttime="20221028 10:06:06.283" endtime="20221028 10:06:56.855"/>
</suite>
<status status="PASS" starttime="20221028 10:06:06.277" endtime="20221028 10:06:56.861"/>
</suite>
<status status="PASS" starttime="20221028 10:06:06.242" endtime="20221028 10:06:56.865"/>
</suite>
<statistics>
<total>
<stat pass="5" fail="0" skip="0">All Tasks</stat>
</total>
<tag>
</tag>
<suite>
<stat pass="5" fail="0" skip="0" id="s1" name="Ohjelmistotestaus Lp">Ohjelmistotestaus Lp</stat>
<stat pass="5" fail="0" skip="0" id="s1-s1" name="Robot Tests">Ohjelmistotestaus Lp.Robot Tests</stat>
<stat pass="5" fail="0" skip="0" id="s1-s1-s1" name="Jarjestelmatestaus">Ohjelmistotestaus Lp.Robot Tests.Jarjestelmatestaus</stat>
</suite>
</statistics>
<errors>
</errors>
</robot>
