<?xml version="1.0" encoding="UTF-8"?>
<robot generator="Robot 5.0.1 (Python 3.10.8 on win32)" generated="20221026 12:48:09.828" rpa="true" schemaversion="3">
<suite id="s1" name="Ohjelmistotestaus Lp" source="C:\Users\jompp\Desktop\ohjelmistotestaus\ohjelmistotestaus_lp">
<suite id="s1-s1" name="Robot Tests" source="C:\Users\jompp\Desktop\ohjelmistotestaus\ohjelmistotestaus_lp\robot_tests">
<suite id="s1-s1-s1" name="Jarjestelmatestaus" source="C:\Users\jompp\Desktop\ohjelmistotestaus\ohjelmistotestaus_lp\robot_tests\jarjestelmatestaus.robot">
<kw name="Start Process" library="Process" type="SETUP">
<arg>python</arg>
<arg>C:/Users/jompp/Desktop/ohjelmistotestaus/ohjelmistotestaus_lp/robot_tests/runApi.py</arg>
<doc>Starts a new process on background.</doc>
<msg timestamp="20221026 12:48:10.366" level="INFO">Starting process:
python C:/Users/jompp/Desktop/ohjelmistotestaus/ohjelmistotestaus_lp/robot_tests/runApi.py</msg>
<status status="PASS" starttime="20221026 12:48:10.364" endtime="20221026 12:48:10.381"/>
</kw>
<test id="s1-s1-s1-t1" name="Budjetin virhesyöte" line="12">
<kw name="Open Browser" library="SeleniumLibrary" type="SETUP">
<arg>${url_projektit}</arg>
<arg>Chrome</arg>
<arg>executable_path=C:/Users/jompp/Desktop/ohjelmistotestaus/ohjelmistotestaus_lp/robot_tests/chromedriver.exe</arg>
<doc>Opens a new browser instance to the optional ``url``.</doc>
<msg timestamp="20221026 12:48:10.390" level="INFO">Opening browser 'Chrome' to base url 'http://localhost:3000/projects/'.</msg>
<status status="PASS" starttime="20221026 12:48:10.388" endtime="20221026 12:48:12.303"/>
</kw>
<kw name="Wait Until Element Is Visible" library="SeleniumLibrary">
<arg>xpath:/html/body/div/div/div[1]/div[1]/div/section/button</arg>
<doc>Waits until the element ``locator`` is visible.</doc>
<status status="PASS" starttime="20221026 12:48:12.304" endtime="20221026 12:48:15.479"/>
</kw>
<kw name="Click Element" library="SeleniumLibrary">
<arg>xpath:/html/body/div/div/div[1]/div[1]/div/section/button</arg>
<doc>Click the element identified by ``locator``.</doc>
<msg timestamp="20221026 12:48:15.480" level="INFO">Clicking element 'xpath:/html/body/div/div/div[1]/div[1]/div/section/button'.</msg>
<status status="PASS" starttime="20221026 12:48:15.479" endtime="20221026 12:48:15.608"/>
</kw>
<kw name="Press Keys" library="SeleniumLibrary">
<arg>xpath:/html/body/div/div/div[1]/div[1]/form/input[2]</arg>
<arg>E+Q+R+T+Å+ä+ö</arg>
<doc>Simulates the user pressing key(s) to an element or on the active browser.</doc>
<msg timestamp="20221026 12:48:15.611" level="INFO">Sending key(s) ('E+Q+R+T+Å+ä+ö',) to xpath:/html/body/div/div/div[1]/div[1]/form/input[2] element.</msg>
<msg timestamp="20221026 12:48:16.029" level="INFO">Sending key E</msg>
<msg timestamp="20221026 12:48:16.031" level="INFO">Sending key Q</msg>
<msg timestamp="20221026 12:48:16.033" level="INFO">Sending key R</msg>
<msg timestamp="20221026 12:48:16.035" level="INFO">Sending key T</msg>
<msg timestamp="20221026 12:48:16.037" level="INFO">Sending key Å</msg>
<msg timestamp="20221026 12:48:16.038" level="INFO">Sending key ä</msg>
<msg timestamp="20221026 12:48:16.039" level="INFO">Sending key ö</msg>
<status status="PASS" starttime="20221026 12:48:15.609" endtime="20221026 12:48:16.071"/>
</kw>
<kw name="Sleep" library="BuiltIn">
<arg>1s</arg>
<doc>Pauses the test executed for the given time.</doc>
<msg timestamp="20221026 12:48:17.084" level="INFO">Slept 1 second</msg>
<status status="PASS" starttime="20221026 12:48:16.072" endtime="20221026 12:48:17.086"/>
</kw>
<kw name="Element Should Contain" library="SeleniumLibrary">
<arg>xpath:/html/body/div/div/div[1]/div[1]/form/div[1]/p</arg>
<arg>Budget must be more than $0.</arg>
<doc>Verifies that element ``locator`` contains text ``expected``.</doc>
<msg timestamp="20221026 12:48:17.115" level="INFO">Element 'xpath:/html/body/div/div/div[1]/div[1]/form/div[1]/p' contains text 'Budget must be more than $0.'.</msg>
<status status="PASS" starttime="20221026 12:48:17.087" endtime="20221026 12:48:17.118"/>
</kw>
<kw name="Close Browser" library="SeleniumLibrary" type="TEARDOWN">
<doc>Closes the current browser.</doc>
<status status="PASS" starttime="20221026 12:48:17.119" endtime="20221026 12:48:19.264"/>
</kw>
<doc>Annetaan edit-valikossa budjetti kohdalle "väärä" syöte ja odotetaan vastaukseksi oikeanlaista virheilmoitusta, jossa kerrotaan että budjetin oltava yli 0$</doc>
<status status="PASS" starttime="20221026 12:48:10.382" endtime="20221026 12:48:19.265"/>
</test>
<test id="s1-s1-s1-t2" name="Projektin nimen puuttuminen" line="26">
<kw name="Open Browser" library="SeleniumLibrary" type="SETUP">
<arg>${url_projektit}</arg>
<arg>Chrome</arg>
<arg>executable_path=C:/Users/jompp/Desktop/ohjelmistotestaus/ohjelmistotestaus_lp/robot_tests/chromedriver.exe</arg>
<doc>Opens a new browser instance to the optional ``url``.</doc>
<msg timestamp="20221026 12:48:19.270" level="INFO">Opening browser 'Chrome' to base url 'http://localhost:3000/projects/'.</msg>
<status status="PASS" starttime="20221026 12:48:19.269" endtime="20221026 12:48:21.067"/>
</kw>
<kw name="Wait Until Element Is Visible" library="SeleniumLibrary">
<arg>xpath:/html/body/div/div/div[1]/div[1]/div/section/button</arg>
<doc>Waits until the element ``locator`` is visible.</doc>
<status status="PASS" starttime="20221026 12:48:21.068" endtime="20221026 12:48:23.507"/>
</kw>
<kw name="Click Element" library="SeleniumLibrary">
<arg>xpath:/html/body/div/div/div[1]/div[1]/div/section/button</arg>
<doc>Click the element identified by ``locator``.</doc>
<msg timestamp="20221026 12:48:23.509" level="INFO">Clicking element 'xpath:/html/body/div/div/div[1]/div[1]/div/section/button'.</msg>
<status status="PASS" starttime="20221026 12:48:23.508" endtime="20221026 12:48:23.629"/>
</kw>
<kw name="Press Keys" library="SeleniumLibrary">
<arg>name=name</arg>
<arg>CTRL+a</arg>
<arg>BACKSPACE</arg>
<doc>Simulates the user pressing key(s) to an element or on the active browser.</doc>
<msg timestamp="20221026 12:48:23.631" level="INFO">Sending key(s) ('CTRL+a', 'BACKSPACE') to name=name element.</msg>
<msg timestamp="20221026 12:48:24.068" level="INFO">Pressing special key CONTROL down.</msg>
<msg timestamp="20221026 12:48:24.070" level="INFO">Sending key a</msg>
<msg timestamp="20221026 12:48:24.072" level="INFO">Releasing special key CONTROL.</msg>
<msg timestamp="20221026 12:48:24.088" level="INFO">Pressing special key BACKSPACE to element.</msg>
<msg timestamp="20221026 12:48:24.093" level="INFO">Releasing special key BACKSPACE.</msg>
<status status="PASS" starttime="20221026 12:48:23.629" endtime="20221026 12:48:24.115"/>
</kw>
<kw name="Sleep" library="BuiltIn">
<arg>1s</arg>
<doc>Pauses the test executed for the given time.</doc>
<msg timestamp="20221026 12:48:25.132" level="INFO">Slept 1 second</msg>
<status status="PASS" starttime="20221026 12:48:24.117" endtime="20221026 12:48:25.134"/>
</kw>
<kw name="Element Should Contain" library="SeleniumLibrary">
<arg>xpath:/html/body/div/div/div[1]/div[1]/form/div[1]/p</arg>
<arg>${nimenpuuttuminen_virhe}</arg>
<doc>Verifies that element ``locator`` contains text ``expected``.</doc>
<msg timestamp="20221026 12:48:25.161" level="INFO">Element 'xpath:/html/body/div/div/div[1]/div[1]/form/div[1]/p' contains text 'Name is required'.</msg>
<status status="PASS" starttime="20221026 12:48:25.134" endtime="20221026 12:48:25.162"/>
</kw>
<kw name="Close Browser" library="SeleniumLibrary" type="TEARDOWN">
<doc>Closes the current browser.</doc>
<status status="PASS" starttime="20221026 12:48:25.162" endtime="20221026 12:48:27.313"/>
</kw>
<doc>Tyhjennetään projektin nimi ja tarkistetaan annetaanko oikea virheilmoitus nimen puuttumisesta</doc>
<status status="PASS" starttime="20221026 12:48:19.267" endtime="20221026 12:48:27.314"/>
</test>
<test id="s1-s1-s1-t3" name="Projektin nimi liian lyhyt" line="40">
<kw name="Open Browser" library="SeleniumLibrary" type="SETUP">
<arg>${url_projektit}</arg>
<arg>Chrome</arg>
<arg>executable_path=C:/Users/jompp/Desktop/ohjelmistotestaus/ohjelmistotestaus_lp/robot_tests/chromedriver.exe</arg>
<doc>Opens a new browser instance to the optional ``url``.</doc>
<msg timestamp="20221026 12:48:27.320" level="INFO">Opening browser 'Chrome' to base url 'http://localhost:3000/projects/'.</msg>
<status status="PASS" starttime="20221026 12:48:27.319" endtime="20221026 12:48:29.125"/>
</kw>
<kw name="Wait Until Element Is Visible" library="SeleniumLibrary">
<arg>xpath:/html/body/div/div/div[1]/div[1]/div/section/button</arg>
<doc>Waits until the element ``locator`` is visible.</doc>
<status status="PASS" starttime="20221026 12:48:29.127" endtime="20221026 12:48:31.575"/>
</kw>
<kw name="Click Element" library="SeleniumLibrary">
<arg>xpath:/html/body/div/div/div[1]/div[1]/div/section/button</arg>
<doc>Click the element identified by ``locator``.</doc>
<msg timestamp="20221026 12:48:31.576" level="INFO">Clicking element 'xpath:/html/body/div/div/div[1]/div[1]/div/section/button'.</msg>
<status status="PASS" starttime="20221026 12:48:31.576" endtime="20221026 12:48:31.673"/>
</kw>
<kw name="Press Keys" library="SeleniumLibrary">
<arg>name=name</arg>
<arg>CTRL+a</arg>
<arg>BACKSPACE</arg>
<doc>Simulates the user pressing key(s) to an element or on the active browser.</doc>
<msg timestamp="20221026 12:48:31.676" level="INFO">Sending key(s) ('CTRL+a', 'BACKSPACE') to name=name element.</msg>
<msg timestamp="20221026 12:48:32.111" level="INFO">Pressing special key CONTROL down.</msg>
<msg timestamp="20221026 12:48:32.114" level="INFO">Sending key a</msg>
<msg timestamp="20221026 12:48:32.117" level="INFO">Releasing special key CONTROL.</msg>
<msg timestamp="20221026 12:48:32.127" level="INFO">Pressing special key BACKSPACE to element.</msg>
<msg timestamp="20221026 12:48:32.130" level="INFO">Releasing special key BACKSPACE.</msg>
<status status="PASS" starttime="20221026 12:48:31.674" endtime="20221026 12:48:32.145"/>
</kw>
<kw name="Sleep" library="BuiltIn">
<arg>1s</arg>
<doc>Pauses the test executed for the given time.</doc>
<msg timestamp="20221026 12:48:33.154" level="INFO">Slept 1 second</msg>
<status status="PASS" starttime="20221026 12:48:32.147" endtime="20221026 12:48:33.156"/>
</kw>
<kw name="Press Keys" library="SeleniumLibrary">
<arg>name=name</arg>
<arg>Ä</arg>
<doc>Simulates the user pressing key(s) to an element or on the active browser.</doc>
<msg timestamp="20221026 12:48:33.158" level="INFO">Sending key(s) ('Ä',) to name=name element.</msg>
<msg timestamp="20221026 12:48:33.436" level="INFO">Sending key Ä</msg>
<status status="PASS" starttime="20221026 12:48:33.157" endtime="20221026 12:48:33.452"/>
</kw>
<kw name="Element Should Contain" library="SeleniumLibrary">
<arg>xpath:/html/body/div/div/div[1]/div[1]/form/div[1]/p</arg>
<arg>${nimilyhyt_virhe}</arg>
<doc>Verifies that element ``locator`` contains text ``expected``.</doc>
<msg timestamp="20221026 12:48:33.484" level="INFO">Element 'xpath:/html/body/div/div/div[1]/div[1]/form/div[1]/p' contains text 'Name needs to be at least 3 characters.'.</msg>
<status status="PASS" starttime="20221026 12:48:33.453" endtime="20221026 12:48:33.485"/>
</kw>
<kw name="Press Keys" library="SeleniumLibrary">
<arg>name=name</arg>
<arg>Ö</arg>
<doc>Simulates the user pressing key(s) to an element or on the active browser.</doc>
<msg timestamp="20221026 12:48:33.488" level="INFO">Sending key(s) ('Ö',) to name=name element.</msg>
<msg timestamp="20221026 12:48:33.781" level="INFO">Sending key Ö</msg>
<status status="PASS" starttime="20221026 12:48:33.486" endtime="20221026 12:48:33.793"/>
</kw>
<kw name="Element Should Contain" library="SeleniumLibrary">
<arg>xpath:/html/body/div/div/div[1]/div[1]/form/div[1]/p</arg>
<arg>${nimilyhyt_virhe}</arg>
<doc>Verifies that element ``locator`` contains text ``expected``.</doc>
<msg timestamp="20221026 12:48:33.810" level="INFO">Element 'xpath:/html/body/div/div/div[1]/div[1]/form/div[1]/p' contains text 'Name needs to be at least 3 characters.'.</msg>
<status status="PASS" starttime="20221026 12:48:33.794" endtime="20221026 12:48:33.813"/>
</kw>
<kw name="Close Browser" library="SeleniumLibrary" type="TEARDOWN">
<doc>Closes the current browser.</doc>
<status status="PASS" starttime="20221026 12:48:33.814" endtime="20221026 12:48:35.955"/>
</kw>
<doc>Tyhjennetään projektin nimi ja tarkistetaan että kahden ensimmäisen syötetyn merkin jälkeen saadaan virheilmoitus siitä että projektin nimi on liian lyhyt</doc>
<status status="PASS" starttime="20221026 12:48:27.317" endtime="20221026 12:48:35.956"/>
</test>
<test id="s1-s1-s1-t4" name="Projektin kuvauksen puuttuminen" line="60">
<kw name="Open Browser" library="SeleniumLibrary" type="SETUP">
<arg>${url_projektit}</arg>
<arg>Chrome</arg>
<arg>executable_path=C:/Users/jompp/Desktop/ohjelmistotestaus/ohjelmistotestaus_lp/robot_tests/chromedriver.exe</arg>
<doc>Opens a new browser instance to the optional ``url``.</doc>
<msg timestamp="20221026 12:48:35.962" level="INFO">Opening browser 'Chrome' to base url 'http://localhost:3000/projects/'.</msg>
<status status="PASS" starttime="20221026 12:48:35.960" endtime="20221026 12:48:37.798"/>
</kw>
<kw name="Wait Until Element Is Visible" library="SeleniumLibrary">
<arg>xpath:/html/body/div/div/div[1]/div[1]/div/section/button</arg>
<doc>Waits until the element ``locator`` is visible.</doc>
<status status="PASS" starttime="20221026 12:48:37.799" endtime="20221026 12:48:40.238"/>
</kw>
<kw name="Click Element" library="SeleniumLibrary">
<arg>xpath:/html/body/div/div/div[1]/div[1]/div/section/button</arg>
<doc>Click the element identified by ``locator``.</doc>
<msg timestamp="20221026 12:48:40.240" level="INFO">Clicking element 'xpath:/html/body/div/div/div[1]/div[1]/div/section/button'.</msg>
<status status="PASS" starttime="20221026 12:48:40.239" endtime="20221026 12:48:40.355"/>
</kw>
<kw name="Press Keys" library="SeleniumLibrary">
<arg>xpath:/html/body/div/div/div[1]/div[1]/form/textarea</arg>
<arg>CTRL+a</arg>
<arg>BACKSPACE</arg>
<doc>Simulates the user pressing key(s) to an element or on the active browser.</doc>
<msg timestamp="20221026 12:48:40.357" level="INFO">Sending key(s) ('CTRL+a', 'BACKSPACE') to xpath:/html/body/div/div/div[1]/div[1]/form/textarea element.</msg>
<msg timestamp="20221026 12:48:40.809" level="INFO">Pressing special key CONTROL down.</msg>
<msg timestamp="20221026 12:48:40.813" level="INFO">Sending key a</msg>
<msg timestamp="20221026 12:48:40.816" level="INFO">Releasing special key CONTROL.</msg>
<msg timestamp="20221026 12:48:40.828" level="INFO">Pressing special key BACKSPACE to element.</msg>
<msg timestamp="20221026 12:48:40.831" level="INFO">Releasing special key BACKSPACE.</msg>
<status status="PASS" starttime="20221026 12:48:40.356" endtime="20221026 12:48:40.848"/>
</kw>
<kw name="Element Should Contain" library="SeleniumLibrary">
<arg>xpath:/html/body/div/div/div[1]/div[1]/form/div[1]/p</arg>
<arg>${kuvauspuuttuminen_virhe}</arg>
<doc>Verifies that element ``locator`` contains text ``expected``.</doc>
<msg timestamp="20221026 12:48:40.878" level="INFO">Element 'xpath:/html/body/div/div/div[1]/div[1]/form/div[1]/p' contains text 'Description is required.'.</msg>
<status status="PASS" starttime="20221026 12:48:40.848" endtime="20221026 12:48:40.880"/>
</kw>
<kw name="Close Browser" library="SeleniumLibrary" type="TEARDOWN">
<doc>Closes the current browser.</doc>
<status status="PASS" starttime="20221026 12:48:40.882" endtime="20221026 12:48:43.064"/>
</kw>
<doc>Tyhjennetään projektin kuvaus ja testataan saadaanko oikeanlainen virheilmoitus</doc>
<status status="PASS" starttime="20221026 12:48:35.958" endtime="20221026 12:48:43.065"/>
</test>
<test id="s1-s1-s1-t5" name="Projektien haun epäonnistuminen" line="72">
<kw name="Open Browser" library="SeleniumLibrary" type="SETUP">
<arg>${url_projektit}</arg>
<arg>Chrome</arg>
<arg>executable_path=C:/Users/jompp/Desktop/ohjelmistotestaus/ohjelmistotestaus_lp/robot_tests/chromedriver.exe</arg>
<doc>Opens a new browser instance to the optional ``url``.</doc>
<msg timestamp="20221026 12:48:43.072" level="INFO">Opening browser 'Chrome' to base url 'http://localhost:3000/projects/'.</msg>
<status status="PASS" starttime="20221026 12:48:43.070" endtime="20221026 12:48:44.888"/>
</kw>
<kw name="Terminate All Processes" library="Process">
<doc>Terminates all still running processes started by this library.</doc>
<status status="PASS" starttime="20221026 12:48:44.889" endtime="20221026 12:48:44.890"/>
</kw>
<kw name="Start Process" library="Process">
<arg>python</arg>
<arg>C:/Users/jompp/Desktop/ohjelmistotestaus/ohjelmistotestaus_lp/robot_tests/closeApi.py</arg>
<doc>Starts a new process on background.</doc>
<msg timestamp="20221026 12:48:44.892" level="INFO">Starting process:
python C:/Users/jompp/Desktop/ohjelmistotestaus/ohjelmistotestaus_lp/robot_tests/closeApi.py</msg>
<status status="PASS" starttime="20221026 12:48:44.891" endtime="20221026 12:48:44.905"/>
</kw>
<kw name="Wait Until Element Is Visible" library="SeleniumLibrary">
<arg>xpath:/html/body/div/div/div/div</arg>
<arg>30s</arg>
<doc>Waits until the element ``locator`` is visible.</doc>
<status status="PASS" starttime="20221026 12:48:44.906" endtime="20221026 12:48:58.244"/>
</kw>
<kw name="Element Should Contain" library="SeleniumLibrary">
<arg>xpath:/html/body/div/div/div/div/section/p</arg>
<arg>${api_virhe}</arg>
<doc>Verifies that element ``locator`` contains text ``expected``.</doc>
<msg timestamp="20221026 12:48:58.269" level="INFO">Element 'xpath:/html/body/div/div/div/div/section/p' contains text 'There was an error retrieving the projects. Please try again.'.</msg>
<status status="PASS" starttime="20221026 12:48:58.245" endtime="20221026 12:48:58.271"/>
</kw>
<kw name="Close Browser" library="SeleniumLibrary" type="TEARDOWN">
<doc>Closes the current browser.</doc>
<status status="PASS" starttime="20221026 12:48:58.272" endtime="20221026 12:49:00.445"/>
</kw>
<doc>Testataan saadaanko oikeanlainen virheilmoitus kun apiin ei saada yhteyttä tai projekteja ei muutenvaan voida hakea, tätä testiä varten täytyy sulkea api</doc>
<status status="PASS" starttime="20221026 12:48:43.067" endtime="20221026 12:49:00.446"/>
</test>
<kw name="Terminate All Processes" library="Process" type="TEARDOWN">
<doc>Terminates all still running processes started by this library.</doc>
<status status="PASS" starttime="20221026 12:49:00.450" endtime="20221026 12:49:00.451"/>
</kw>
<doc>Järjestelmätestaus jossa pyrittään löytämään mahdollisia virhetilanteita.</doc>
<status status="PASS" starttime="20221026 12:48:10.054" endtime="20221026 12:49:00.451"/>
</suite>
<status status="PASS" starttime="20221026 12:48:10.048" endtime="20221026 12:49:00.457"/>
</suite>
<status status="PASS" starttime="20221026 12:48:10.015" endtime="20221026 12:49:00.461"/>
</suite>
<statistics>
<total>
<stat pass="5" fail="0" skip="0">All Tasks</stat>
</total>
<tag>
</tag>
<suite>
<stat pass="5" fail="0" skip="0" id="s1" name="Ohjelmistotestaus Lp">Ohjelmistotestaus Lp</stat>
<stat pass="5" fail="0" skip="0" id="s1-s1" name="Robot Tests">Ohjelmistotestaus Lp.Robot Tests</stat>
<stat pass="5" fail="0" skip="0" id="s1-s1-s1" name="Jarjestelmatestaus">Ohjelmistotestaus Lp.Robot Tests.Jarjestelmatestaus</stat>
</suite>
</statistics>
<errors>
</errors>
</robot>
